[0.010s] Invoking command in '/home/octobotics/arm_ros2_ws/build/ball_visualization': CMAKE_PREFIX_PATH=${CMAKE_PREFIX_PATH}:/home/octobotics/arm_ros2_ws/install/robotic_arms_control:/opt/ros/humble /usr/bin/cmake --build /home/octobotics/arm_ros2_ws/build/ball_visualization -- -j16 -l16
[0.058s] [35m[1mConsolidate compiler generated dependencies of target panda_if[0m
[0.075s] [ 75%] Built target semulate_joy
[0.075s] [ 75%] Built target panda_fk
[0.075s] [ 75%] Built target point_publisher
[0.086s] [ 87%] [32mBuilding CXX object CMakeFiles/panda_if.dir/src/panda_if.cpp.o[0m
[0.424s] [01m[K/home/octobotics/arm_ros2_ws/Robotic_arm/src/ball_visualization/src/panda_if.cpp:8:10:[m[K [01;31m[Kfatal error: [m[Ktf2/LinearMath/Matrix3x3.h>sssssssssssssssssssssssssssss: No such file or directory
[0.424s]     8 | #include [01;31m[K<tf2/LinearMath/Matrix3x3.h>ssssssssssssssssssssssssssssss[m[K
[0.424s]       |          [01;31m[K^~~~~~~~~~~~~~~~~~~~~~~~~~~~~~~~~~~~~~~~~~~~~~~~~~~~~~~~~~[m[K
[0.424s] compilation terminated.
[0.432s] gmake[2]: *** [CMakeFiles/panda_if.dir/build.make:76: CMakeFiles/panda_if.dir/src/panda_if.cpp.o] Error 1
[0.432s] gmake[1]: *** [CMakeFiles/Makefile2:221: CMakeFiles/panda_if.dir/all] Error 2
[0.433s] gmake: *** [Makefile:146: all] Error 2
[0.435s] Invoked command in '/home/octobotics/arm_ros2_ws/build/ball_visualization' returned '2': CMAKE_PREFIX_PATH=${CMAKE_PREFIX_PATH}:/home/octobotics/arm_ros2_ws/install/robotic_arms_control:/opt/ros/humble /usr/bin/cmake --build /home/octobotics/arm_ros2_ws/build/ball_visualization -- -j16 -l16
