[0.010s] Invoking command in '/home/octobotics/arm_ros2_ws/build/ball_visualization': CMAKE_PREFIX_PATH=${CMAKE_PREFIX_PATH}:/home/octobotics/arm_ros2_ws/install/robotic_arms_control:/opt/ros/humble /usr/bin/cmake --build /home/octobotics/arm_ros2_ws/build/ball_visualization -- -j16 -l16
[0.060s] [35m[1mConsolidate compiler generated dependencies of target panda_fk[0m
[0.076s] [ 50%] [32mBuilding CXX object CMakeFiles/panda_if.dir/src/panda_if.cpp.o[0m
[0.076s] [ 62%] Built target point_publisher
[0.076s] [ 62%] Built target semulate_joy
[0.087s] [ 87%] Built target panda_fk
[0.340s] [01m[K/home/octobotics/arm_ros2_ws/Robotic_arm/src/ball_visualization/src/panda_if.cpp:103:10:[m[K [01;31m[Kfatal error: [m[Kmoveit/moveit_cpp/moveit_cpp.h: No such file or directory
[0.340s]   103 | #include [01;31m[K<moveit/moveit_cpp/moveit_cpp.h>[m[K
[0.340s]       |          [01;31m[K^~~~~~~~~~~~~~~~~~~~~~~~~~~~~~~~[m[K
[0.341s] compilation terminated.
[0.344s] gmake[2]: *** [CMakeFiles/panda_if.dir/build.make:76: CMakeFiles/panda_if.dir/src/panda_if.cpp.o] Error 1
[0.344s] gmake[1]: *** [CMakeFiles/Makefile2:221: CMakeFiles/panda_if.dir/all] Error 2
[0.344s] gmake: *** [Makefile:146: all] Error 2
[0.347s] Invoked command in '/home/octobotics/arm_ros2_ws/build/ball_visualization' returned '2': CMAKE_PREFIX_PATH=${CMAKE_PREFIX_PATH}:/home/octobotics/arm_ros2_ws/install/robotic_arms_control:/opt/ros/humble /usr/bin/cmake --build /home/octobotics/arm_ros2_ws/build/ball_visualization -- -j16 -l16
